Content-Type: text/plain; charset="utf-8"
MIME-Version: 1.0
Content-Transfer-Encoding: 7bit
Subject: Alert for your stock U1BE34
From: alert@stock_app.com
To: bigtechs@gmail.com
Date: Tue, 16 Jul 2024 17:00:02 -0000
Message-ID: <172114920297.31664.3569303168113739227@DioNote.>

Hello bigtechs, stocks for U1BE34 are now above the defined target price.
Current price: R$ 101.53
Now is a good time to sell your stocks!
-------------------------------------------------------------------------------
Content-Type: text/plain; charset="utf-8"
MIME-Version: 1.0
Content-Transfer-Encoding: 7bit
Subject: Alert for your stock M1TA34
From: alert@stock_app.com
To: bigtechs@gmail.com
Date: Tue, 16 Jul 2024 17:00:03 -0000
Message-ID: <172114920334.31664.15061508425201129198@DioNote.>

Hello bigtechs, stocks for M1TA34 are now under the defined target price.
Current price: R$ 95.14
Now is a good time to buy your stocks!
-------------------------------------------------------------------------------
Content-Type: text/plain; charset="utf-8"
MIME-Version: 1.0
Content-Transfer-Encoding: 7bit
Subject: Alert for your stock GOGL34
From: alert@stock_app.com
To: bigtechs@gmail.com
Date: Tue, 16 Jul 2024 17:00:03 -0000
Message-ID: <172114920372.31664.6422961122075641910@DioNote.>

Hello bigtechs, stocks for GOGL34 are now above the defined target price.
Current price: R$ 83.84
Now is a good time to sell your stocks!
-------------------------------------------------------------------------------
Content-Type: text/plain; charset="utf-8"
MIME-Version: 1.0
Content-Transfer-Encoding: 7bit
Subject: Alert for your stock AMZO34
From: alert@stock_app.com
To: bigtechs@gmail.com
Date: Tue, 16 Jul 2024 17:00:04 -0000
Message-ID: <172114920431.31664.1842071552803791095@DioNote.>

Hello bigtechs, stocks for AMZO34 are now under the defined target price.
Current price: R$ 52.73
Now is a good time to buy your stocks!
-------------------------------------------------------------------------------
Content-Type: text/plain; charset="utf-8"
MIME-Version: 1.0
Content-Transfer-Encoding: 7bit
Subject: Alert for your stock PETR4
From: alert@stock_app.com
To: gasstations@gmail.com
Date: Tue, 16 Jul 2024 17:00:05 -0000
Message-ID: <172114920537.31664.9180919236223863617@DioNote.>

Hello gasstations, stocks for PETR4 are now under the defined target price.
Current price: R$ 38.36
Now is a good time to buy your stocks!
-------------------------------------------------------------------------------
Content-Type: text/plain; charset="utf-8"
MIME-Version: 1.0
Content-Transfer-Encoding: 7bit
Subject: Alert for your stock PRIO3
From: alert@stock_app.com
To: gasstations@gmail.com
Date: Tue, 16 Jul 2024 17:00:06 -0000
Message-ID: <172114920614.31664.965575552073635316@DioNote.>

Hello gasstations, stocks for PRIO3 are now under the defined target price.
Current price: R$ 45.92
Now is a good time to buy your stocks!
-------------------------------------------------------------------------------
Content-Type: text/plain; charset="utf-8"
MIME-Version: 1.0
Content-Transfer-Encoding: 7bit
Subject: Alert for your stock VBBR3
From: alert@stock_app.com
To: gasstations@gmail.com
Date: Tue, 16 Jul 2024 17:00:06 -0000
Message-ID: <172114920651.31664.15081259483763753896@DioNote.>

Hello gasstations, stocks for VBBR3 are now above the defined target price.
Current price: R$ 22.95
Now is a good time to sell your stocks!
-------------------------------------------------------------------------------
Content-Type: text/plain; charset="utf-8"
MIME-Version: 1.0
Content-Transfer-Encoding: 7bit
Subject: Alert for your stock ENAT3
From: alert@stock_app.com
To: gasstations@gmail.com
Date: Tue, 16 Jul 2024 17:00:07 -0000
Message-ID: <172114920707.31664.14358443311438267845@DioNote.>

Hello gasstations, stocks for ENAT3 are now above the defined target price.
Current price: R$ 22.18
Now is a good time to sell your stocks!
-------------------------------------------------------------------------------
Content-Type: text/plain; charset="utf-8"
MIME-Version: 1.0
Content-Transfer-Encoding: 7bit
Subject: Alert for your stock BBAS3
From: alert@stock_app.com
To: brazilianbanks@gmail.com
Date: Tue, 16 Jul 2024 17:02:02 -0000
Message-ID: <172114932267.32318.4764271770690429149@DioNote.>

Hello brazilianbanks, stocks for BBAS3 are now above the defined target price.
Current price: R$ 26.99
Now is a good time to sell your stocks!
-------------------------------------------------------------------------------
Content-Type: text/plain; charset="utf-8"
MIME-Version: 1.0
Content-Transfer-Encoding: 7bit
Subject: Alert for your stock ITUB4
From: alert@stock_app.com
To: brazilianbanks@gmail.com
Date: Tue, 16 Jul 2024 17:03:02 -0000
Message-ID: <172114938273.32650.14571844675784223814@DioNote.>

Hello brazilianbanks, stocks for ITUB4 are now above the defined target price.
Current price: R$ 33.73
Now is a good time to sell your stocks!
-------------------------------------------------------------------------------
Content-Type: text/plain; charset="utf-8"
MIME-Version: 1.0
Content-Transfer-Encoding: 7bit
Subject: Alert for your stock BPAN4
From: alert@stock_app.com
To: brazilianbanks@gmail.com
Date: Tue, 16 Jul 2024 17:03:02 -0000
Message-ID: <172114938299.32650.11299908052769505754@DioNote.>

Hello brazilianbanks, stocks for BPAN4 are now under the defined target price.
Current price: R$ 8.55
Now is a good time to buy your stocks!
-------------------------------------------------------------------------------
Content-Type: text/plain; charset="utf-8"
MIME-Version: 1.0
Content-Transfer-Encoding: 7bit
Subject: Alert for your stock BPAC11
From: alert@stock_app.com
To: brazilianbanks@gmail.com
Date: Tue, 16 Jul 2024 17:03:03 -0000
Message-ID: <172114938327.32650.7014129784477992732@DioNote.>

Hello brazilianbanks, stocks for BPAC11 are now under the defined target price.
Current price: R$ 32.08
Now is a good time to buy your stocks!
-------------------------------------------------------------------------------
Content-Type: text/plain; charset="utf-8"
MIME-Version: 1.0
Content-Transfer-Encoding: 7bit
Subject: Alert for your stock AAPL34
From: alert@stock_app.com
To: bigtechs@gmail.com
Date: Tue, 16 Jul 2024 17:05:02 -0000
Message-ID: <172114950295.33306.1045281062752136374@DioNote.>

Hello bigtechs, stocks for AAPL34 are now under the defined target price.
Current price: R$ 63.5
Now is a good time to buy your stocks!
-------------------------------------------------------------------------------
Content-Type: text/plain; charset="utf-8"
MIME-Version: 1.0
Content-Transfer-Encoding: 7bit
Subject: Alert for your stock U1BE34
From: alert@stock_app.com
To: bigtechs@gmail.com
Date: Tue, 16 Jul 2024 17:06:03 -0000
Message-ID: <172114956332.33630.16040102822586568371@DioNote.>

Hello bigtechs, stocks for U1BE34 are now above the defined target price.
Current price: R$ 102
Now is a good time to sell your stocks!
-------------------------------------------------------------------------------
Content-Type: text/plain; charset="utf-8"
MIME-Version: 1.0
Content-Transfer-Encoding: 7bit
Subject: Alert for your stock M1TA34
From: alert@stock_app.com
To: bigtechs@gmail.com
Date: Tue, 16 Jul 2024 17:06:03 -0000
Message-ID: <172114956388.33630.14667821073392985292@DioNote.>

Hello bigtechs, stocks for M1TA34 are now under the defined target price.
Current price: R$ 94.79
Now is a good time to buy your stocks!
-------------------------------------------------------------------------------
Content-Type: text/plain; charset="utf-8"
MIME-Version: 1.0
Content-Transfer-Encoding: 7bit
Subject: Alert for your stock GOGL34
From: alert@stock_app.com
To: bigtechs@gmail.com
Date: Tue, 16 Jul 2024 17:06:04 -0000
Message-ID: <172114956449.33630.2652552199636093907@DioNote.>

Hello bigtechs, stocks for GOGL34 are now above the defined target price.
Current price: R$ 83.61
Now is a good time to sell your stocks!
-------------------------------------------------------------------------------
Content-Type: text/plain; charset="utf-8"
MIME-Version: 1.0
Content-Transfer-Encoding: 7bit
Subject: Alert for your stock AMZO34
From: alert@stock_app.com
To: bigtechs@gmail.com
Date: Tue, 16 Jul 2024 17:06:05 -0000
Message-ID: <172114956581.33630.10392267008821244794@DioNote.>

Hello bigtechs, stocks for AMZO34 are now under the defined target price.
Current price: R$ 52.62
Now is a good time to buy your stocks!
-------------------------------------------------------------------------------
Content-Type: text/plain; charset="utf-8"
MIME-Version: 1.0
Content-Transfer-Encoding: 7bit
Subject: Alert for your stock PETR4
From: alert@stock_app.com
To: gasstations@gmail.com
Date: Tue, 16 Jul 2024 17:06:07 -0000
Message-ID: <172114956707.33630.11537350593355982046@DioNote.>

Hello gasstations, stocks for PETR4 are now under the defined target price.
Current price: R$ 38.2
Now is a good time to buy your stocks!
-------------------------------------------------------------------------------
Content-Type: text/plain; charset="utf-8"
MIME-Version: 1.0
Content-Transfer-Encoding: 7bit
Subject: Alert for your stock PRIO3
From: alert@stock_app.com
To: gasstations@gmail.com
Date: Tue, 16 Jul 2024 17:06:07 -0000
Message-ID: <172114956785.33630.16761397298697650217@DioNote.>

Hello gasstations, stocks for PRIO3 are now under the defined target price.
Current price: R$ 45.92
Now is a good time to buy your stocks!
-------------------------------------------------------------------------------
Content-Type: text/plain; charset="utf-8"
MIME-Version: 1.0
Content-Transfer-Encoding: 7bit
Subject: Alert for your stock VBBR3
From: alert@stock_app.com
To: gasstations@gmail.com
Date: Tue, 16 Jul 2024 17:06:08 -0000
Message-ID: <172114956830.33630.17398036499958861973@DioNote.>

Hello gasstations, stocks for VBBR3 are now above the defined target price.
Current price: R$ 22.95
Now is a good time to sell your stocks!
-------------------------------------------------------------------------------
Content-Type: text/plain; charset="utf-8"
MIME-Version: 1.0
Content-Transfer-Encoding: 7bit
Subject: Alert for your stock ENAT3
From: alert@stock_app.com
To: gasstations@gmail.com
Date: Tue, 16 Jul 2024 17:06:08 -0000
Message-ID: <172114956873.33630.10918646597256317975@DioNote.>

Hello gasstations, stocks for ENAT3 are now above the defined target price.
Current price: R$ 22.18
Now is a good time to sell your stocks!
-------------------------------------------------------------------------------
Content-Type: text/plain; charset="utf-8"
MIME-Version: 1.0
Content-Transfer-Encoding: 7bit
Subject: Alert for your stock BBAS3
From: alert@stock_app.com
To: brazilianbanks@gmail.com
Date: Tue, 16 Jul 2024 17:08:02 -0000
Message-ID: <172114968214.34292.14908281925812557089@DioNote.>

Hello brazilianbanks, stocks for BBAS3 are now above the defined target price.
Current price: R$ 26.99
Now is a good time to sell your stocks!
-------------------------------------------------------------------------------
Content-Type: text/plain; charset="utf-8"
MIME-Version: 1.0
Content-Transfer-Encoding: 7bit
Subject: Alert for your stock ITUB4
From: alert@stock_app.com
To: brazilianbanks@gmail.com
Date: Tue, 16 Jul 2024 17:09:02 -0000
Message-ID: <172114974224.34623.860202430446727246@DioNote.>

Hello brazilianbanks, stocks for ITUB4 are now above the defined target price.
Current price: R$ 33.73
Now is a good time to sell your stocks!
-------------------------------------------------------------------------------
Content-Type: text/plain; charset="utf-8"
MIME-Version: 1.0
Content-Transfer-Encoding: 7bit
Subject: Alert for your stock BPAN4
From: alert@stock_app.com
To: brazilianbanks@gmail.com
Date: Tue, 16 Jul 2024 17:09:02 -0000
Message-ID: <172114974247.34623.528564752087361217@DioNote.>

Hello brazilianbanks, stocks for BPAN4 are now under the defined target price.
Current price: R$ 8.55
Now is a good time to buy your stocks!
-------------------------------------------------------------------------------
Content-Type: text/plain; charset="utf-8"
MIME-Version: 1.0
Content-Transfer-Encoding: 7bit
Subject: Alert for your stock BPAC11
From: alert@stock_app.com
To: brazilianbanks@gmail.com
Date: Tue, 16 Jul 2024 17:09:02 -0000
Message-ID: <172114974278.34623.7896585636579525733@DioNote.>

Hello brazilianbanks, stocks for BPAC11 are now under the defined target price.
Current price: R$ 32.08
Now is a good time to buy your stocks!
-------------------------------------------------------------------------------
Content-Type: text/plain; charset="utf-8"
MIME-Version: 1.0
Content-Transfer-Encoding: 7bit
Subject: Alert for your stock AAPL34
From: alert@stock_app.com
To: bigtechs@gmail.com
Date: Tue, 16 Jul 2024 17:11:02 -0000
Message-ID: <172114986212.35280.15594094178191431726@DioNote.>

Hello bigtechs, stocks for AAPL34 are now under the defined target price.
Current price: R$ 63.5
Now is a good time to buy your stocks!
-------------------------------------------------------------------------------
Content-Type: text/plain; charset="utf-8"
MIME-Version: 1.0
Content-Transfer-Encoding: 7bit
Subject: Alert for your stock U1BE34
From: alert@stock_app.com
To: bigtechs@gmail.com
Date: Tue, 16 Jul 2024 17:12:02 -0000
Message-ID: <172114992232.35611.5507384539758023325@DioNote.>

Hello bigtechs, stocks for U1BE34 are now above the defined target price.
Current price: R$ 102
Now is a good time to sell your stocks!
-------------------------------------------------------------------------------
Content-Type: text/plain; charset="utf-8"
MIME-Version: 1.0
Content-Transfer-Encoding: 7bit
Subject: Alert for your stock M1TA34
From: alert@stock_app.com
To: bigtechs@gmail.com
Date: Tue, 16 Jul 2024 17:12:02 -0000
Message-ID: <172114992265.35611.10534217059190659016@DioNote.>

Hello bigtechs, stocks for M1TA34 are now under the defined target price.
Current price: R$ 94.79
Now is a good time to buy your stocks!
-------------------------------------------------------------------------------
Content-Type: text/plain; charset="utf-8"
MIME-Version: 1.0
Content-Transfer-Encoding: 7bit
Subject: Alert for your stock GOGL34
From: alert@stock_app.com
To: bigtechs@gmail.com
Date: Tue, 16 Jul 2024 17:12:03 -0000
Message-ID: <172114992304.35611.975303110203078299@DioNote.>

Hello bigtechs, stocks for GOGL34 are now above the defined target price.
Current price: R$ 83.61
Now is a good time to sell your stocks!
-------------------------------------------------------------------------------
Content-Type: text/plain; charset="utf-8"
MIME-Version: 1.0
Content-Transfer-Encoding: 7bit
Subject: Alert for your stock AMZO34
From: alert@stock_app.com
To: bigtechs@gmail.com
Date: Tue, 16 Jul 2024 17:12:03 -0000
Message-ID: <172114992377.35611.3885123281694705976@DioNote.>

Hello bigtechs, stocks for AMZO34 are now under the defined target price.
Current price: R$ 52.62
Now is a good time to buy your stocks!
-------------------------------------------------------------------------------
Content-Type: text/plain; charset="utf-8"
MIME-Version: 1.0
Content-Transfer-Encoding: 7bit
Subject: Alert for your stock PETR4
From: alert@stock_app.com
To: gasstations@gmail.com
Date: Tue, 16 Jul 2024 17:12:04 -0000
Message-ID: <172114992474.35611.13024836440870099497@DioNote.>

Hello gasstations, stocks for PETR4 are now under the defined target price.
Current price: R$ 38.2
Now is a good time to buy your stocks!
-------------------------------------------------------------------------------
Content-Type: text/plain; charset="utf-8"
MIME-Version: 1.0
Content-Transfer-Encoding: 7bit
Subject: Alert for your stock PRIO3
From: alert@stock_app.com
To: gasstations@gmail.com
Date: Tue, 16 Jul 2024 17:12:05 -0000
Message-ID: <172114992545.35611.5807260584319503201@DioNote.>

Hello gasstations, stocks for PRIO3 are now under the defined target price.
Current price: R$ 45.8
Now is a good time to buy your stocks!
-------------------------------------------------------------------------------
Content-Type: text/plain; charset="utf-8"
MIME-Version: 1.0
Content-Transfer-Encoding: 7bit
Subject: Alert for your stock VBBR3
From: alert@stock_app.com
To: gasstations@gmail.com
Date: Tue, 16 Jul 2024 17:12:05 -0000
Message-ID: <172114992574.35611.7360906220532042129@DioNote.>

Hello gasstations, stocks for VBBR3 are now above the defined target price.
Current price: R$ 23
Now is a good time to sell your stocks!
-------------------------------------------------------------------------------
Content-Type: text/plain; charset="utf-8"
MIME-Version: 1.0
Content-Transfer-Encoding: 7bit
Subject: Alert for your stock ENAT3
From: alert@stock_app.com
To: gasstations@gmail.com
Date: Tue, 16 Jul 2024 17:12:06 -0000
Message-ID: <172114992604.35611.9876004103300438749@DioNote.>

Hello gasstations, stocks for ENAT3 are now above the defined target price.
Current price: R$ 22.17
Now is a good time to sell your stocks!
-------------------------------------------------------------------------------
Content-Type: text/plain; charset="utf-8"
MIME-Version: 1.0
Content-Transfer-Encoding: 7bit
Subject: Alert for your stock BBAS3
From: alert@stock_app.com
To: brazilianbanks@gmail.com
Date: Tue, 16 Jul 2024 17:14:02 -0000
Message-ID: <172115004217.36271.9518269619599523688@DioNote.>

Hello brazilianbanks, stocks for BBAS3 are now above the defined target price.
Current price: R$ 26.98
Now is a good time to sell your stocks!
-------------------------------------------------------------------------------
Content-Type: text/plain; charset="utf-8"
MIME-Version: 1.0
Content-Transfer-Encoding: 7bit
Subject: Alert for your stock ITUB4
From: alert@stock_app.com
To: brazilianbanks@gmail.com
Date: Tue, 16 Jul 2024 17:15:01 -0000
Message-ID: <172115010199.36599.10790700304430715767@DioNote.>

Hello brazilianbanks, stocks for ITUB4 are now above the defined target price.
Current price: R$ 33.72
Now is a good time to sell your stocks!
-------------------------------------------------------------------------------
Content-Type: text/plain; charset="utf-8"
MIME-Version: 1.0
Content-Transfer-Encoding: 7bit
Subject: Alert for your stock BPAN4
From: alert@stock_app.com
To: brazilianbanks@gmail.com
Date: Tue, 16 Jul 2024 17:15:02 -0000
Message-ID: <172115010221.36599.3911041852847002466@DioNote.>

Hello brazilianbanks, stocks for BPAN4 are now under the defined target price.
Current price: R$ 8.55
Now is a good time to buy your stocks!
-------------------------------------------------------------------------------
Content-Type: text/plain; charset="utf-8"
MIME-Version: 1.0
Content-Transfer-Encoding: 7bit
Subject: Alert for your stock BPAC11
From: alert@stock_app.com
To: brazilianbanks@gmail.com
Date: Tue, 16 Jul 2024 17:15:02 -0000
Message-ID: <172115010244.36599.6248196232801631954@DioNote.>

Hello brazilianbanks, stocks for BPAC11 are now under the defined target price.
Current price: R$ 32.08
Now is a good time to buy your stocks!
-------------------------------------------------------------------------------
Content-Type: text/plain; charset="utf-8"
MIME-Version: 1.0
Content-Transfer-Encoding: 7bit
Subject: Alert for your stock AAPL34
From: alert@stock_app.com
To: bigtechs@gmail.com
Date: Tue, 16 Jul 2024 17:17:01 -0000
Message-ID: <172115022184.37268.14114372234633386692@DioNote.>

Hello bigtechs, stocks for AAPL34 are now under the defined target price.
Current price: R$ 63.5
Now is a good time to buy your stocks!
-------------------------------------------------------------------------------
Content-Type: text/plain; charset="utf-8"
MIME-Version: 1.0
Content-Transfer-Encoding: 7bit
Subject: Alert for your stock U1BE34
From: alert@stock_app.com
To: bigtechs@gmail.com
Date: Tue, 16 Jul 2024 17:18:01 -0000
Message-ID: <172115028165.37606.11500166132378153749@DioNote.>

Hello bigtechs, stocks for U1BE34 are now above the defined target price.
Current price: R$ 102
Now is a good time to sell your stocks!
-------------------------------------------------------------------------------
Content-Type: text/plain; charset="utf-8"
MIME-Version: 1.0
Content-Transfer-Encoding: 7bit
Subject: Alert for your stock M1TA34
From: alert@stock_app.com
To: bigtechs@gmail.com
Date: Tue, 16 Jul 2024 17:18:01 -0000
Message-ID: <172115028189.37606.7218383505173389380@DioNote.>

Hello bigtechs, stocks for M1TA34 are now under the defined target price.
Current price: R$ 94.79
Now is a good time to buy your stocks!
-------------------------------------------------------------------------------
Content-Type: text/plain; charset="utf-8"
MIME-Version: 1.0
Content-Transfer-Encoding: 7bit
Subject: Alert for your stock GOGL34
From: alert@stock_app.com
To: bigtechs@gmail.com
Date: Tue, 16 Jul 2024 17:18:02 -0000
Message-ID: <172115028215.37606.8073314219507083987@DioNote.>

Hello bigtechs, stocks for GOGL34 are now above the defined target price.
Current price: R$ 83.61
Now is a good time to sell your stocks!
-------------------------------------------------------------------------------
Content-Type: text/plain; charset="utf-8"
MIME-Version: 1.0
Content-Transfer-Encoding: 7bit
Subject: Alert for your stock AMZO34
From: alert@stock_app.com
To: bigtechs@gmail.com
Date: Tue, 16 Jul 2024 17:18:02 -0000
Message-ID: <172115028259.37606.460602155879131903@DioNote.>

Hello bigtechs, stocks for AMZO34 are now under the defined target price.
Current price: R$ 52.62
Now is a good time to buy your stocks!
-------------------------------------------------------------------------------
Content-Type: text/plain; charset="utf-8"
MIME-Version: 1.0
Content-Transfer-Encoding: 7bit
Subject: Alert for your stock PETR4
From: alert@stock_app.com
To: gasstations@gmail.com
Date: Tue, 16 Jul 2024 17:18:03 -0000
Message-ID: <172115028328.37606.5727584373412079339@DioNote.>

Hello gasstations, stocks for PETR4 are now under the defined target price.
Current price: R$ 38.2
Now is a good time to buy your stocks!
-------------------------------------------------------------------------------
Content-Type: text/plain; charset="utf-8"
MIME-Version: 1.0
Content-Transfer-Encoding: 7bit
Subject: Alert for your stock PRIO3
From: alert@stock_app.com
To: gasstations@gmail.com
Date: Tue, 16 Jul 2024 17:18:03 -0000
Message-ID: <172115028377.37606.1700513953353309044@DioNote.>

Hello gasstations, stocks for PRIO3 are now under the defined target price.
Current price: R$ 45.8
Now is a good time to buy your stocks!
-------------------------------------------------------------------------------
Content-Type: text/plain; charset="utf-8"
MIME-Version: 1.0
Content-Transfer-Encoding: 7bit
Subject: Alert for your stock VBBR3
From: alert@stock_app.com
To: gasstations@gmail.com
Date: Tue, 16 Jul 2024 17:18:04 -0000
Message-ID: <172115028400.37606.5923272424337099236@DioNote.>

Hello gasstations, stocks for VBBR3 are now above the defined target price.
Current price: R$ 23
Now is a good time to sell your stocks!
-------------------------------------------------------------------------------
Content-Type: text/plain; charset="utf-8"
MIME-Version: 1.0
Content-Transfer-Encoding: 7bit
Subject: Alert for your stock ENAT3
From: alert@stock_app.com
To: gasstations@gmail.com
Date: Tue, 16 Jul 2024 17:18:04 -0000
Message-ID: <172115028423.37606.8614089667725139650@DioNote.>

Hello gasstations, stocks for ENAT3 are now above the defined target price.
Current price: R$ 22.17
Now is a good time to sell your stocks!
-------------------------------------------------------------------------------
Content-Type: text/plain; charset="utf-8"
MIME-Version: 1.0
Content-Transfer-Encoding: 7bit
Subject: Alert for your stock BBAS3
From: alert@stock_app.com
To: brazilianbanks@gmail.com
Date: Tue, 16 Jul 2024 17:20:02 -0000
Message-ID: <172115040217.38276.18044249411910914472@DioNote.>

Hello brazilianbanks, stocks for BBAS3 are now above the defined target price.
Current price: R$ 26.98
Now is a good time to sell your stocks!
-------------------------------------------------------------------------------
Content-Type: text/plain; charset="utf-8"
MIME-Version: 1.0
Content-Transfer-Encoding: 7bit
Subject: Alert for your stock ITUB4
From: alert@stock_app.com
To: brazilianbanks@gmail.com
Date: Tue, 16 Jul 2024 17:21:02 -0000
Message-ID: <172115046261.38612.899340223931171147@DioNote.>

Hello brazilianbanks, stocks for ITUB4 are now above the defined target price.
Current price: R$ 33.72
Now is a good time to sell your stocks!
-------------------------------------------------------------------------------
Content-Type: text/plain; charset="utf-8"
MIME-Version: 1.0
Content-Transfer-Encoding: 7bit
Subject: Alert for your stock BPAN4
From: alert@stock_app.com
To: brazilianbanks@gmail.com
Date: Tue, 16 Jul 2024 17:21:02 -0000
Message-ID: <172115046299.38612.13908769904906483001@DioNote.>

Hello brazilianbanks, stocks for BPAN4 are now under the defined target price.
Current price: R$ 8.53
Now is a good time to buy your stocks!
-------------------------------------------------------------------------------
Content-Type: text/plain; charset="utf-8"
MIME-Version: 1.0
Content-Transfer-Encoding: 7bit
Subject: Alert for your stock BPAC11
From: alert@stock_app.com
To: brazilianbanks@gmail.com
Date: Tue, 16 Jul 2024 17:21:03 -0000
Message-ID: <172115046338.38612.11162811771450126990@DioNote.>

Hello brazilianbanks, stocks for BPAC11 are now under the defined target price.
Current price: R$ 32
Now is a good time to buy your stocks!
-------------------------------------------------------------------------------
Content-Type: text/plain; charset="utf-8"
MIME-Version: 1.0
Content-Transfer-Encoding: 7bit
Subject: Alert for your stock AAPL34
From: alert@stock_app.com
To: bigtechs@gmail.com
Date: Tue, 16 Jul 2024 17:22:02 -0000
Message-ID: <172115052272.38940.3342124922124613372@DioNote.>

Hello bigtechs, stocks for AAPL34 are now under the defined target price.
Current price: R$ 63.61
Now is a good time to buy your stocks!
-------------------------------------------------------------------------------
Content-Type: text/plain; charset="utf-8"
MIME-Version: 1.0
Content-Transfer-Encoding: 7bit
Subject: Alert for your stock U1BE34
From: alert@stock_app.com
To: bigtechs@gmail.com
Date: Tue, 16 Jul 2024 17:23:02 -0000
Message-ID: <172115058261.39272.1811475222881651963@DioNote.>

Hello bigtechs, stocks for U1BE34 are now above the defined target price.
Current price: R$ 101.89
Now is a good time to sell your stocks!
-------------------------------------------------------------------------------
Content-Type: text/plain; charset="utf-8"
MIME-Version: 1.0
Content-Transfer-Encoding: 7bit
Subject: Alert for your stock M1TA34
From: alert@stock_app.com
To: bigtechs@gmail.com
Date: Tue, 16 Jul 2024 17:23:02 -0000
Message-ID: <172115058290.39272.10359558288617702723@DioNote.>

Hello bigtechs, stocks for M1TA34 are now under the defined target price.
Current price: R$ 95.1
Now is a good time to buy your stocks!
-------------------------------------------------------------------------------
Content-Type: text/plain; charset="utf-8"
MIME-Version: 1.0
Content-Transfer-Encoding: 7bit
Subject: Alert for your stock GOGL34
From: alert@stock_app.com
To: bigtechs@gmail.com
Date: Tue, 16 Jul 2024 17:23:03 -0000
Message-ID: <172115058331.39272.18164355469994517022@DioNote.>

Hello bigtechs, stocks for GOGL34 are now above the defined target price.
Current price: R$ 83.72
Now is a good time to sell your stocks!
-------------------------------------------------------------------------------
Content-Type: text/plain; charset="utf-8"
MIME-Version: 1.0
Content-Transfer-Encoding: 7bit
Subject: Alert for your stock AMZO34
From: alert@stock_app.com
To: bigtechs@gmail.com
Date: Tue, 16 Jul 2024 17:24:03 -0000
Message-ID: <172115064307.39602.17609316314618109115@DioNote.>

Hello bigtechs, stocks for AMZO34 are now under the defined target price.
Current price: R$ 52.73
Now is a good time to buy your stocks!
-------------------------------------------------------------------------------
Content-Type: text/plain; charset="utf-8"
MIME-Version: 1.0
Content-Transfer-Encoding: 7bit
Subject: Alert for your stock PETR4
From: alert@stock_app.com
To: gasstations@gmail.com
Date: Tue, 16 Jul 2024 17:24:04 -0000
Message-ID: <172115064407.39602.1667400327822108454@DioNote.>

Hello gasstations, stocks for PETR4 are now under the defined target price.
Current price: R$ 38.26
Now is a good time to buy your stocks!
-------------------------------------------------------------------------------
Content-Type: text/plain; charset="utf-8"
MIME-Version: 1.0
Content-Transfer-Encoding: 7bit
Subject: Alert for your stock PRIO3
From: alert@stock_app.com
To: gasstations@gmail.com
Date: Tue, 16 Jul 2024 17:24:04 -0000
Message-ID: <172115064464.39602.5589203143152676794@DioNote.>

Hello gasstations, stocks for PRIO3 are now under the defined target price.
Current price: R$ 45.8
Now is a good time to buy your stocks!
-------------------------------------------------------------------------------
Content-Type: text/plain; charset="utf-8"
MIME-Version: 1.0
Content-Transfer-Encoding: 7bit
Subject: Alert for your stock VBBR3
From: alert@stock_app.com
To: gasstations@gmail.com
Date: Tue, 16 Jul 2024 17:24:04 -0000
Message-ID: <172115064492.39602.17602933783567307010@DioNote.>

Hello gasstations, stocks for VBBR3 are now above the defined target price.
Current price: R$ 23
Now is a good time to sell your stocks!
-------------------------------------------------------------------------------
Content-Type: text/plain; charset="utf-8"
MIME-Version: 1.0
Content-Transfer-Encoding: 7bit
Subject: Alert for your stock ENAT3
From: alert@stock_app.com
To: gasstations@gmail.com
Date: Tue, 16 Jul 2024 17:24:05 -0000
Message-ID: <172115064525.39602.1881093241942362637@DioNote.>

Hello gasstations, stocks for ENAT3 are now above the defined target price.
Current price: R$ 22.17
Now is a good time to sell your stocks!
-------------------------------------------------------------------------------
Content-Type: text/plain; charset="utf-8"
MIME-Version: 1.0
Content-Transfer-Encoding: 7bit
Subject: Alert for your stock BBAS3
From: alert@stock_app.com
To: brazilianbanks@gmail.com
Date: Tue, 16 Jul 2024 17:25:02 -0000
Message-ID: <172115070280.39936.13964880393533631526@DioNote.>

Hello brazilianbanks, stocks for BBAS3 are now above the defined target price.
Current price: R$ 26.98
Now is a good time to sell your stocks!
-------------------------------------------------------------------------------
Content-Type: text/plain; charset="utf-8"
MIME-Version: 1.0
Content-Transfer-Encoding: 7bit
Subject: Alert for your stock ITUB4
From: alert@stock_app.com
To: brazilianbanks@gmail.com
Date: Tue, 16 Jul 2024 17:27:02 -0000
Message-ID: <172115082295.40598.10297246164848833743@DioNote.>

Hello brazilianbanks, stocks for ITUB4 are now above the defined target price.
Current price: R$ 33.72
Now is a good time to sell your stocks!
-------------------------------------------------------------------------------
Content-Type: text/plain; charset="utf-8"
MIME-Version: 1.0
Content-Transfer-Encoding: 7bit
Subject: Alert for your stock BPAN4
From: alert@stock_app.com
To: brazilianbanks@gmail.com
Date: Tue, 16 Jul 2024 17:27:03 -0000
Message-ID: <172115082339.40598.4302419580660296563@DioNote.>

Hello brazilianbanks, stocks for BPAN4 are now under the defined target price.
Current price: R$ 8.53
Now is a good time to buy your stocks!
-------------------------------------------------------------------------------
Content-Type: text/plain; charset="utf-8"
MIME-Version: 1.0
Content-Transfer-Encoding: 7bit
Subject: Alert for your stock BPAC11
From: alert@stock_app.com
To: brazilianbanks@gmail.com
Date: Tue, 16 Jul 2024 17:27:03 -0000
Message-ID: <172115082372.40598.492692756590411969@DioNote.>

Hello brazilianbanks, stocks for BPAC11 are now under the defined target price.
Current price: R$ 32
Now is a good time to buy your stocks!
-------------------------------------------------------------------------------
Content-Type: text/plain; charset="utf-8"
MIME-Version: 1.0
Content-Transfer-Encoding: 7bit
Subject: Alert for your stock AAPL34
From: alert@stock_app.com
To: bigtechs@gmail.com
Date: Tue, 16 Jul 2024 17:28:02 -0000
Message-ID: <172115088288.40926.10662183293779562596@DioNote.>

Hello bigtechs, stocks for AAPL34 are now under the defined target price.
Current price: R$ 63.61
Now is a good time to buy your stocks!
-------------------------------------------------------------------------------
Content-Type: text/plain; charset="utf-8"
MIME-Version: 1.0
Content-Transfer-Encoding: 7bit
Subject: Alert for your stock U1BE34
From: alert@stock_app.com
To: bigtechs@gmail.com
Date: Tue, 16 Jul 2024 17:29:02 -0000
Message-ID: <172115094248.41252.807835932249008757@DioNote.>

Hello bigtechs, stocks for U1BE34 are now above the defined target price.
Current price: R$ 101.89
Now is a good time to sell your stocks!
-------------------------------------------------------------------------------
Content-Type: text/plain; charset="utf-8"
MIME-Version: 1.0
Content-Transfer-Encoding: 7bit
Subject: Alert for your stock M1TA34
From: alert@stock_app.com
To: bigtechs@gmail.com
Date: Tue, 16 Jul 2024 17:29:02 -0000
Message-ID: <172115094279.41252.3040271764233953672@DioNote.>

Hello bigtechs, stocks for M1TA34 are now under the defined target price.
Current price: R$ 95.1
Now is a good time to buy your stocks!
-------------------------------------------------------------------------------
Content-Type: text/plain; charset="utf-8"
MIME-Version: 1.0
Content-Transfer-Encoding: 7bit
Subject: Alert for your stock GOGL34
From: alert@stock_app.com
To: bigtechs@gmail.com
Date: Tue, 16 Jul 2024 17:29:03 -0000
Message-ID: <172115094308.41252.908862149411433613@DioNote.>

Hello bigtechs, stocks for GOGL34 are now above the defined target price.
Current price: R$ 83.72
Now is a good time to sell your stocks!
-------------------------------------------------------------------------------
Content-Type: text/plain; charset="utf-8"
MIME-Version: 1.0
Content-Transfer-Encoding: 7bit
Subject: Alert for your stock AMZO34
From: alert@stock_app.com
To: bigtechs@gmail.com
Date: Tue, 16 Jul 2024 17:30:02 -0000
Message-ID: <172115100255.41582.12563391938701940285@DioNote.>

Hello bigtechs, stocks for AMZO34 are now under the defined target price.
Current price: R$ 52.73
Now is a good time to buy your stocks!
-------------------------------------------------------------------------------
Content-Type: text/plain; charset="utf-8"
MIME-Version: 1.0
Content-Transfer-Encoding: 7bit
Subject: Alert for your stock PETR4
From: alert@stock_app.com
To: gasstations@gmail.com
Date: Tue, 16 Jul 2024 17:30:03 -0000
Message-ID: <172115100360.41582.11932133231760422786@DioNote.>

Hello gasstations, stocks for PETR4 are now under the defined target price.
Current price: R$ 38.26
Now is a good time to buy your stocks!
-------------------------------------------------------------------------------
Content-Type: text/plain; charset="utf-8"
MIME-Version: 1.0
Content-Transfer-Encoding: 7bit
Subject: Alert for your stock PRIO3
From: alert@stock_app.com
To: gasstations@gmail.com
Date: Tue, 16 Jul 2024 17:30:04 -0000
Message-ID: <172115100418.41582.2901928123787494262@DioNote.>

Hello gasstations, stocks for PRIO3 are now under the defined target price.
Current price: R$ 45.85
Now is a good time to buy your stocks!
-------------------------------------------------------------------------------
Content-Type: text/plain; charset="utf-8"
MIME-Version: 1.0
Content-Transfer-Encoding: 7bit
Subject: Alert for your stock VBBR3
From: alert@stock_app.com
To: gasstations@gmail.com
Date: Tue, 16 Jul 2024 17:30:04 -0000
Message-ID: <172115100447.41582.5507515923818920216@DioNote.>

Hello gasstations, stocks for VBBR3 are now above the defined target price.
Current price: R$ 22.97
Now is a good time to sell your stocks!
-------------------------------------------------------------------------------
Content-Type: text/plain; charset="utf-8"
MIME-Version: 1.0
Content-Transfer-Encoding: 7bit
Subject: Alert for your stock ENAT3
From: alert@stock_app.com
To: gasstations@gmail.com
Date: Tue, 16 Jul 2024 17:30:04 -0000
Message-ID: <172115100477.41582.5968073936953127984@DioNote.>

Hello gasstations, stocks for ENAT3 are now above the defined target price.
Current price: R$ 22.19
Now is a good time to sell your stocks!
-------------------------------------------------------------------------------
Content-Type: text/plain; charset="utf-8"
MIME-Version: 1.0
Content-Transfer-Encoding: 7bit
Subject: Alert for your stock BBAS3
From: alert@stock_app.com
To: brazilianbanks@gmail.com
Date: Tue, 16 Jul 2024 17:31:02 -0000
Message-ID: <172115106243.41912.243549276324082239@DioNote.>

Hello brazilianbanks, stocks for BBAS3 are now above the defined target price.
Current price: R$ 26.94
Now is a good time to sell your stocks!
-------------------------------------------------------------------------------
Content-Type: text/plain; charset="utf-8"
MIME-Version: 1.0
Content-Transfer-Encoding: 7bit
Subject: Alert for your stock ITUB4
From: alert@stock_app.com
To: brazilianbanks@gmail.com
Date: Tue, 16 Jul 2024 17:33:02 -0000
Message-ID: <172115118247.42575.3150476454562304145@DioNote.>

Hello brazilianbanks, stocks for ITUB4 are now above the defined target price.
Current price: R$ 33.73
Now is a good time to sell your stocks!
-------------------------------------------------------------------------------
Content-Type: text/plain; charset="utf-8"
MIME-Version: 1.0
Content-Transfer-Encoding: 7bit
Subject: Alert for your stock BPAN4
From: alert@stock_app.com
To: brazilianbanks@gmail.com
Date: Tue, 16 Jul 2024 17:33:02 -0000
Message-ID: <172115118281.42575.18046350596928666813@DioNote.>

Hello brazilianbanks, stocks for BPAN4 are now under the defined target price.
Current price: R$ 8.53
Now is a good time to buy your stocks!
-------------------------------------------------------------------------------
Content-Type: text/plain; charset="utf-8"
MIME-Version: 1.0
Content-Transfer-Encoding: 7bit
Subject: Alert for your stock BPAC11
From: alert@stock_app.com
To: brazilianbanks@gmail.com
Date: Tue, 16 Jul 2024 17:33:03 -0000
Message-ID: <172115118320.42575.10233216451537901156@DioNote.>

Hello brazilianbanks, stocks for BPAC11 are now under the defined target price.
Current price: R$ 32
Now is a good time to buy your stocks!
-------------------------------------------------------------------------------
Content-Type: text/plain; charset="utf-8"
MIME-Version: 1.0
Content-Transfer-Encoding: 7bit
Subject: Alert for your stock AAPL34
From: alert@stock_app.com
To: bigtechs@gmail.com
Date: Tue, 16 Jul 2024 17:34:02 -0000
Message-ID: <172115124243.42903.5862973833997406251@DioNote.>

Hello bigtechs, stocks for AAPL34 are now under the defined target price.
Current price: R$ 63.61
Now is a good time to buy your stocks!
-------------------------------------------------------------------------------
Content-Type: text/plain; charset="utf-8"
MIME-Version: 1.0
Content-Transfer-Encoding: 7bit
Subject: Alert for your stock U1BE34
From: alert@stock_app.com
To: bigtechs@gmail.com
Date: Tue, 16 Jul 2024 17:35:03 -0000
Message-ID: <172115130317.43238.17282511330160329684@DioNote.>

Hello bigtechs, stocks for U1BE34 are now above the defined target price.
Current price: R$ 101.89
Now is a good time to sell your stocks!
-------------------------------------------------------------------------------
Content-Type: text/plain; charset="utf-8"
MIME-Version: 1.0
Content-Transfer-Encoding: 7bit
Subject: Alert for your stock M1TA34
From: alert@stock_app.com
To: bigtechs@gmail.com
Date: Tue, 16 Jul 2024 17:35:03 -0000
Message-ID: <172115130345.43238.15137947510319335519@DioNote.>

Hello bigtechs, stocks for M1TA34 are now under the defined target price.
Current price: R$ 95.1
Now is a good time to buy your stocks!
-------------------------------------------------------------------------------
Content-Type: text/plain; charset="utf-8"
MIME-Version: 1.0
Content-Transfer-Encoding: 7bit
Subject: Alert for your stock GOGL34
From: alert@stock_app.com
To: bigtechs@gmail.com
Date: Tue, 16 Jul 2024 17:35:03 -0000
Message-ID: <172115130376.43238.14692919847624251580@DioNote.>

Hello bigtechs, stocks for GOGL34 are now above the defined target price.
Current price: R$ 83.72
Now is a good time to sell your stocks!
-------------------------------------------------------------------------------
Content-Type: text/plain; charset="utf-8"
MIME-Version: 1.0
Content-Transfer-Encoding: 7bit
Subject: Alert for your stock AMZO34
From: alert@stock_app.com
To: bigtechs@gmail.com
Date: Tue, 16 Jul 2024 17:35:04 -0000
Message-ID: <172115130435.43238.18352277897422405163@DioNote.>

Hello bigtechs, stocks for AMZO34 are now under the defined target price.
Current price: R$ 52.73
Now is a good time to buy your stocks!
-------------------------------------------------------------------------------
Content-Type: text/plain; charset="utf-8"
MIME-Version: 1.0
Content-Transfer-Encoding: 7bit
Subject: Alert for your stock PETR4
From: alert@stock_app.com
To: gasstations@gmail.com
Date: Tue, 16 Jul 2024 17:36:03 -0000
Message-ID: <172115136315.43564.15132603289611382514@DioNote.>

Hello gasstations, stocks for PETR4 are now under the defined target price.
Current price: R$ 38.26
Now is a good time to buy your stocks!
-------------------------------------------------------------------------------
Content-Type: text/plain; charset="utf-8"
MIME-Version: 1.0
Content-Transfer-Encoding: 7bit
Subject: Alert for your stock PRIO3
From: alert@stock_app.com
To: gasstations@gmail.com
Date: Tue, 16 Jul 2024 17:36:04 -0000
Message-ID: <172115136419.43564.6347785694288502514@DioNote.>

Hello gasstations, stocks for PRIO3 are now under the defined target price.
Current price: R$ 45.85
Now is a good time to buy your stocks!
-------------------------------------------------------------------------------
Content-Type: text/plain; charset="utf-8"
MIME-Version: 1.0
Content-Transfer-Encoding: 7bit
Subject: Alert for your stock VBBR3
From: alert@stock_app.com
To: gasstations@gmail.com
Date: Tue, 16 Jul 2024 17:36:04 -0000
Message-ID: <172115136453.43564.10778804035590089978@DioNote.>

Hello gasstations, stocks for VBBR3 are now above the defined target price.
Current price: R$ 22.97
Now is a good time to sell your stocks!
-------------------------------------------------------------------------------
Content-Type: text/plain; charset="utf-8"
MIME-Version: 1.0
Content-Transfer-Encoding: 7bit
Subject: Alert for your stock ENAT3
From: alert@stock_app.com
To: gasstations@gmail.com
Date: Tue, 16 Jul 2024 17:36:04 -0000
Message-ID: <172115136484.43564.14884956296167495057@DioNote.>

Hello gasstations, stocks for ENAT3 are now above the defined target price.
Current price: R$ 22.19
Now is a good time to sell your stocks!
-------------------------------------------------------------------------------
Content-Type: text/plain; charset="utf-8"
MIME-Version: 1.0
Content-Transfer-Encoding: 7bit
Subject: Alert for your stock BBAS3
From: alert@stock_app.com
To: brazilianbanks@gmail.com
Date: Tue, 16 Jul 2024 17:37:02 -0000
Message-ID: <172115142243.43892.3235273883987129140@DioNote.>

Hello brazilianbanks, stocks for BBAS3 are now above the defined target price.
Current price: R$ 26.94
Now is a good time to sell your stocks!
-------------------------------------------------------------------------------
Content-Type: text/plain; charset="utf-8"
MIME-Version: 1.0
Content-Transfer-Encoding: 7bit
Subject: Alert for your stock ITUB4
From: alert@stock_app.com
To: brazilianbanks@gmail.com
Date: Tue, 16 Jul 2024 17:39:02 -0000
Message-ID: <172115154252.44554.18351404030992737462@DioNote.>

Hello brazilianbanks, stocks for ITUB4 are now above the defined target price.
Current price: R$ 33.73
Now is a good time to sell your stocks!
-------------------------------------------------------------------------------
Content-Type: text/plain; charset="utf-8"
MIME-Version: 1.0
Content-Transfer-Encoding: 7bit
Subject: Alert for your stock BPAN4
From: alert@stock_app.com
To: brazilianbanks@gmail.com
Date: Tue, 16 Jul 2024 17:39:02 -0000
Message-ID: <172115154285.44554.316107856861456172@DioNote.>

Hello brazilianbanks, stocks for BPAN4 are now under the defined target price.
Current price: R$ 8.55
Now is a good time to buy your stocks!
-------------------------------------------------------------------------------
Content-Type: text/plain; charset="utf-8"
MIME-Version: 1.0
Content-Transfer-Encoding: 7bit
Subject: Alert for your stock BPAC11
From: alert@stock_app.com
To: brazilianbanks@gmail.com
Date: Tue, 16 Jul 2024 17:39:03 -0000
Message-ID: <172115154322.44554.15406521282421895853@DioNote.>

Hello brazilianbanks, stocks for BPAC11 are now under the defined target price.
Current price: R$ 32
Now is a good time to buy your stocks!
-------------------------------------------------------------------------------
Content-Type: text/plain; charset="utf-8"
MIME-Version: 1.0
Content-Transfer-Encoding: 7bit
Subject: Alert for your stock AAPL34
From: alert@stock_app.com
To: bigtechs@gmail.com
Date: Tue, 16 Jul 2024 17:40:02 -0000
Message-ID: <172115160246.44881.9042932787222956303@DioNote.>

Hello bigtechs, stocks for AAPL34 are now under the defined target price.
Current price: R$ 63.58
Now is a good time to buy your stocks!
-------------------------------------------------------------------------------
Content-Type: text/plain; charset="utf-8"
MIME-Version: 1.0
Content-Transfer-Encoding: 7bit
Subject: Alert for your stock U1BE34
From: alert@stock_app.com
To: bigtechs@gmail.com
Date: Tue, 16 Jul 2024 17:41:03 -0000
Message-ID: <172115166306.45216.10760870164214877313@DioNote.>

Hello bigtechs, stocks for U1BE34 are now above the defined target price.
Current price: R$ 101.89
Now is a good time to sell your stocks!
-------------------------------------------------------------------------------
Content-Type: text/plain; charset="utf-8"
MIME-Version: 1.0
Content-Transfer-Encoding: 7bit
Subject: Alert for your stock M1TA34
From: alert@stock_app.com
To: bigtechs@gmail.com
Date: Tue, 16 Jul 2024 17:41:03 -0000
Message-ID: <172115166339.45216.17315470406542577284@DioNote.>

Hello bigtechs, stocks for M1TA34 are now under the defined target price.
Current price: R$ 94.95
Now is a good time to buy your stocks!
-------------------------------------------------------------------------------
Content-Type: text/plain; charset="utf-8"
MIME-Version: 1.0
Content-Transfer-Encoding: 7bit
Subject: Alert for your stock GOGL34
From: alert@stock_app.com
To: bigtechs@gmail.com
Date: Tue, 16 Jul 2024 17:41:03 -0000
Message-ID: <172115166380.45216.9959767828760503955@DioNote.>

Hello bigtechs, stocks for GOGL34 are now above the defined target price.
Current price: R$ 83.52
Now is a good time to sell your stocks!
-------------------------------------------------------------------------------
Content-Type: text/plain; charset="utf-8"
MIME-Version: 1.0
Content-Transfer-Encoding: 7bit
Subject: Alert for your stock AMZO34
From: alert@stock_app.com
To: bigtechs@gmail.com
Date: Tue, 16 Jul 2024 17:41:04 -0000
Message-ID: <172115166436.45216.13632136580884533192@DioNote.>

Hello bigtechs, stocks for AMZO34 are now under the defined target price.
Current price: R$ 52.71
Now is a good time to buy your stocks!
-------------------------------------------------------------------------------
Content-Type: text/plain; charset="utf-8"
MIME-Version: 1.0
Content-Transfer-Encoding: 7bit
Subject: Alert for your stock PETR4
From: alert@stock_app.com
To: gasstations@gmail.com
Date: Tue, 16 Jul 2024 17:42:03 -0000
Message-ID: <172115172314.45545.6197257402931100644@DioNote.>

Hello gasstations, stocks for PETR4 are now under the defined target price.
Current price: R$ 38.27
Now is a good time to buy your stocks!
-------------------------------------------------------------------------------
Content-Type: text/plain; charset="utf-8"
MIME-Version: 1.0
Content-Transfer-Encoding: 7bit
Subject: Alert for your stock PRIO3
From: alert@stock_app.com
To: gasstations@gmail.com
Date: Tue, 16 Jul 2024 17:42:03 -0000
Message-ID: <172115172391.45545.16020064257140285571@DioNote.>

Hello gasstations, stocks for PRIO3 are now under the defined target price.
Current price: R$ 45.85
Now is a good time to buy your stocks!
-------------------------------------------------------------------------------
Content-Type: text/plain; charset="utf-8"
MIME-Version: 1.0
Content-Transfer-Encoding: 7bit
Subject: Alert for your stock VBBR3
From: alert@stock_app.com
To: gasstations@gmail.com
Date: Tue, 16 Jul 2024 17:42:04 -0000
Message-ID: <172115172423.45545.452644205615182516@DioNote.>

Hello gasstations, stocks for VBBR3 are now above the defined target price.
Current price: R$ 22.97
Now is a good time to sell your stocks!
-------------------------------------------------------------------------------
Content-Type: text/plain; charset="utf-8"
MIME-Version: 1.0
Content-Transfer-Encoding: 7bit
Subject: Alert for your stock ENAT3
From: alert@stock_app.com
To: gasstations@gmail.com
Date: Tue, 16 Jul 2024 17:42:04 -0000
Message-ID: <172115172454.45545.7376482862152547090@DioNote.>

Hello gasstations, stocks for ENAT3 are now above the defined target price.
Current price: R$ 22.19
Now is a good time to sell your stocks!
-------------------------------------------------------------------------------
Content-Type: text/plain; charset="utf-8"
MIME-Version: 1.0
Content-Transfer-Encoding: 7bit
Subject: Alert for your stock BBAS3
From: alert@stock_app.com
To: brazilianbanks@gmail.com
Date: Tue, 16 Jul 2024 17:42:05 -0000
Message-ID: <172115172508.45545.9639284071781069334@DioNote.>

Hello brazilianbanks, stocks for BBAS3 are now above the defined target price.
Current price: R$ 26.94
Now is a good time to sell your stocks!
-------------------------------------------------------------------------------
Content-Type: text/plain; charset="utf-8"
MIME-Version: 1.0
Content-Transfer-Encoding: 7bit
Subject: Alert for your stock ITUB4
From: alert@stock_app.com
To: brazilianbanks@gmail.com
Date: Tue, 16 Jul 2024 17:45:02 -0000
Message-ID: <172115190267.46914.11364148241677774596@DioNote.>

Hello brazilianbanks, stocks for ITUB4 are now above the defined target price.
Current price: R$ 33.73
Now is a good time to sell your stocks!
-------------------------------------------------------------------------------
Content-Type: text/plain; charset="utf-8"
MIME-Version: 1.0
Content-Transfer-Encoding: 7bit
Subject: Alert for your stock BPAN4
From: alert@stock_app.com
To: brazilianbanks@gmail.com
Date: Tue, 16 Jul 2024 17:45:03 -0000
Message-ID: <172115190303.46914.15666731442248883950@DioNote.>

Hello brazilianbanks, stocks for BPAN4 are now under the defined target price.
Current price: R$ 8.55
Now is a good time to buy your stocks!
-------------------------------------------------------------------------------
Content-Type: text/plain; charset="utf-8"
MIME-Version: 1.0
Content-Transfer-Encoding: 7bit
Subject: Alert for your stock BPAC11
From: alert@stock_app.com
To: brazilianbanks@gmail.com
Date: Tue, 16 Jul 2024 17:45:03 -0000
Message-ID: <172115190340.46914.15574055687012274702@DioNote.>

Hello brazilianbanks, stocks for BPAC11 are now under the defined target price.
Current price: R$ 32
Now is a good time to buy your stocks!
-------------------------------------------------------------------------------
Content-Type: text/plain; charset="utf-8"
MIME-Version: 1.0
Content-Transfer-Encoding: 7bit
Subject: Alert for your stock AAPL34
From: alert@stock_app.com
To: bigtechs@gmail.com
Date: Tue, 16 Jul 2024 17:46:02 -0000
Message-ID: <172115196259.47243.18240591693054978892@DioNote.>

Hello bigtechs, stocks for AAPL34 are now under the defined target price.
Current price: R$ 63.58
Now is a good time to buy your stocks!
-------------------------------------------------------------------------------
Content-Type: text/plain; charset="utf-8"
MIME-Version: 1.0
Content-Transfer-Encoding: 7bit
Subject: Alert for your stock U1BE34
From: alert@stock_app.com
To: bigtechs@gmail.com
Date: Tue, 16 Jul 2024 17:47:02 -0000
Message-ID: <172115202203.47568.4456869835102547579@DioNote.>

Hello bigtechs, stocks for U1BE34 are now above the defined target price.
Current price: R$ 101.89
Now is a good time to sell your stocks!
-------------------------------------------------------------------------------
Content-Type: text/plain; charset="utf-8"
MIME-Version: 1.0
Content-Transfer-Encoding: 7bit
Subject: Alert for your stock M1TA34
From: alert@stock_app.com
To: bigtechs@gmail.com
Date: Tue, 16 Jul 2024 17:47:02 -0000
Message-ID: <172115202240.47568.12539070271155456402@DioNote.>

Hello bigtechs, stocks for M1TA34 are now under the defined target price.
Current price: R$ 94.95
Now is a good time to buy your stocks!
-------------------------------------------------------------------------------
Content-Type: text/plain; charset="utf-8"
MIME-Version: 1.0
Content-Transfer-Encoding: 7bit
Subject: Alert for your stock GOGL34
From: alert@stock_app.com
To: bigtechs@gmail.com
Date: Tue, 16 Jul 2024 17:47:02 -0000
Message-ID: <172115202270.47568.10737811358728456611@DioNote.>

Hello bigtechs, stocks for GOGL34 are now above the defined target price.
Current price: R$ 83.52
Now is a good time to sell your stocks!
-------------------------------------------------------------------------------
Content-Type: text/plain; charset="utf-8"
MIME-Version: 1.0
Content-Transfer-Encoding: 7bit
Subject: Alert for your stock AMZO34
From: alert@stock_app.com
To: bigtechs@gmail.com
Date: Tue, 16 Jul 2024 17:47:03 -0000
Message-ID: <172115202340.47568.8085943093359152524@DioNote.>

Hello bigtechs, stocks for AMZO34 are now under the defined target price.
Current price: R$ 52.71
Now is a good time to buy your stocks!
-------------------------------------------------------------------------------
Content-Type: text/plain; charset="utf-8"
MIME-Version: 1.0
Content-Transfer-Encoding: 7bit
Subject: Alert for your stock PETR4
From: alert@stock_app.com
To: gasstations@gmail.com
Date: Tue, 16 Jul 2024 17:48:01 -0000
Message-ID: <172115208193.47905.1263524508629007295@DioNote.>

Hello gasstations, stocks for PETR4 are now under the defined target price.
Current price: R$ 38.27
Now is a good time to buy your stocks!
-------------------------------------------------------------------------------
Content-Type: text/plain; charset="utf-8"
MIME-Version: 1.0
Content-Transfer-Encoding: 7bit
Subject: Alert for your stock PRIO3
From: alert@stock_app.com
To: gasstations@gmail.com
Date: Tue, 16 Jul 2024 17:48:02 -0000
Message-ID: <172115208245.47905.2332234184473408189@DioNote.>

Hello gasstations, stocks for PRIO3 are now under the defined target price.
Current price: R$ 45.81
Now is a good time to buy your stocks!
-------------------------------------------------------------------------------
Content-Type: text/plain; charset="utf-8"
MIME-Version: 1.0
Content-Transfer-Encoding: 7bit
Subject: Alert for your stock VBBR3
From: alert@stock_app.com
To: gasstations@gmail.com
Date: Tue, 16 Jul 2024 17:48:02 -0000
Message-ID: <172115208268.47905.9147280319003958912@DioNote.>

Hello gasstations, stocks for VBBR3 are now above the defined target price.
Current price: R$ 22.97
Now is a good time to sell your stocks!
-------------------------------------------------------------------------------
Content-Type: text/plain; charset="utf-8"
MIME-Version: 1.0
Content-Transfer-Encoding: 7bit
Subject: Alert for your stock ENAT3
From: alert@stock_app.com
To: gasstations@gmail.com
Date: Tue, 16 Jul 2024 17:48:02 -0000
Message-ID: <172115208290.47905.8738790521932639736@DioNote.>

Hello gasstations, stocks for ENAT3 are now above the defined target price.
Current price: R$ 22.19
Now is a good time to sell your stocks!
-------------------------------------------------------------------------------
Content-Type: text/plain; charset="utf-8"
MIME-Version: 1.0
Content-Transfer-Encoding: 7bit
Subject: Alert for your stock BBAS3
From: alert@stock_app.com
To: brazilianbanks@gmail.com
Date: Tue, 16 Jul 2024 17:48:03 -0000
Message-ID: <172115208340.47905.1561023996351781610@DioNote.>

Hello brazilianbanks, stocks for BBAS3 are now above the defined target price.
Current price: R$ 26.97
Now is a good time to sell your stocks!
-------------------------------------------------------------------------------
Content-Type: text/plain; charset="utf-8"
MIME-Version: 1.0
Content-Transfer-Encoding: 7bit
Subject: Alert for your stock ITUB4
From: alert@stock_app.com
To: brazilianbanks@gmail.com
Date: Tue, 16 Jul 2024 17:51:02 -0000
Message-ID: <172115226281.48902.261901339464130262@DioNote.>

Hello brazilianbanks, stocks for ITUB4 are now above the defined target price.
Current price: R$ 33.73
Now is a good time to sell your stocks!
-------------------------------------------------------------------------------
Content-Type: text/plain; charset="utf-8"
MIME-Version: 1.0
Content-Transfer-Encoding: 7bit
Subject: Alert for your stock BPAN4
From: alert@stock_app.com
To: brazilianbanks@gmail.com
Date: Tue, 16 Jul 2024 17:51:03 -0000
Message-ID: <172115226311.48902.15302564363188792298@DioNote.>

Hello brazilianbanks, stocks for BPAN4 are now under the defined target price.
Current price: R$ 8.55
Now is a good time to buy your stocks!
-------------------------------------------------------------------------------
Content-Type: text/plain; charset="utf-8"
MIME-Version: 1.0
Content-Transfer-Encoding: 7bit
Subject: Alert for your stock BPAC11
From: alert@stock_app.com
To: brazilianbanks@gmail.com
Date: Tue, 16 Jul 2024 17:51:03 -0000
Message-ID: <172115226340.48902.4704580006097011768@DioNote.>

Hello brazilianbanks, stocks for BPAC11 are now under the defined target price.
Current price: R$ 32
Now is a good time to buy your stocks!
-------------------------------------------------------------------------------
Content-Type: text/plain; charset="utf-8"
MIME-Version: 1.0
Content-Transfer-Encoding: 7bit
Subject: Alert for your stock AAPL34
From: alert@stock_app.com
To: bigtechs@gmail.com
Date: Tue, 16 Jul 2024 17:52:02 -0000
Message-ID: <172115232256.49229.8492109378038217794@DioNote.>

Hello bigtechs, stocks for AAPL34 are now under the defined target price.
Current price: R$ 63.58
Now is a good time to buy your stocks!
-------------------------------------------------------------------------------
Content-Type: text/plain; charset="utf-8"
MIME-Version: 1.0
Content-Transfer-Encoding: 7bit
Subject: Alert for your stock U1BE34
From: alert@stock_app.com
To: bigtechs@gmail.com
Date: Tue, 16 Jul 2024 17:52:02 -0000
Message-ID: <172115232288.49229.12314725809544800285@DioNote.>

Hello bigtechs, stocks for U1BE34 are now above the defined target price.
Current price: R$ 101.89
Now is a good time to sell your stocks!
-------------------------------------------------------------------------------
Content-Type: text/plain; charset="utf-8"
MIME-Version: 1.0
Content-Transfer-Encoding: 7bit
Subject: Alert for your stock M1TA34
From: alert@stock_app.com
To: bigtechs@gmail.com
Date: Tue, 16 Jul 2024 17:53:02 -0000
Message-ID: <172115238202.49563.16423825286333844214@DioNote.>

Hello bigtechs, stocks for M1TA34 are now under the defined target price.
Current price: R$ 94.95
Now is a good time to buy your stocks!
-------------------------------------------------------------------------------
Content-Type: text/plain; charset="utf-8"
MIME-Version: 1.0
Content-Transfer-Encoding: 7bit
Subject: Alert for your stock GOGL34
From: alert@stock_app.com
To: bigtechs@gmail.com
Date: Tue, 16 Jul 2024 17:53:02 -0000
Message-ID: <172115238228.49563.6980322107089473962@DioNote.>

Hello bigtechs, stocks for GOGL34 are now above the defined target price.
Current price: R$ 83.52
Now is a good time to sell your stocks!
-------------------------------------------------------------------------------
Content-Type: text/plain; charset="utf-8"
MIME-Version: 1.0
Content-Transfer-Encoding: 7bit
Subject: Alert for your stock AMZO34
From: alert@stock_app.com
To: bigtechs@gmail.com
Date: Tue, 16 Jul 2024 17:53:02 -0000
Message-ID: <172115238290.49563.13181591258799476926@DioNote.>

Hello bigtechs, stocks for AMZO34 are now under the defined target price.
Current price: R$ 52.71
Now is a good time to buy your stocks!
-------------------------------------------------------------------------------
Content-Type: text/plain; charset="utf-8"
MIME-Version: 1.0
Content-Transfer-Encoding: 7bit
Subject: Alert for your stock PETR4
From: alert@stock_app.com
To: gasstations@gmail.com
Date: Tue, 16 Jul 2024 17:54:02 -0000
Message-ID: <172115244293.49895.228652170937606840@DioNote.>

Hello gasstations, stocks for PETR4 are now under the defined target price.
Current price: R$ 38.27
Now is a good time to buy your stocks!
-------------------------------------------------------------------------------
Content-Type: text/plain; charset="utf-8"
MIME-Version: 1.0
Content-Transfer-Encoding: 7bit
Subject: Alert for your stock PRIO3
From: alert@stock_app.com
To: gasstations@gmail.com
Date: Tue, 16 Jul 2024 17:54:03 -0000
Message-ID: <172115244351.49895.12221709481054047371@DioNote.>

Hello gasstations, stocks for PRIO3 are now under the defined target price.
Current price: R$ 45.81
Now is a good time to buy your stocks!
-------------------------------------------------------------------------------
Content-Type: text/plain; charset="utf-8"
MIME-Version: 1.0
Content-Transfer-Encoding: 7bit
Subject: Alert for your stock VBBR3
From: alert@stock_app.com
To: gasstations@gmail.com
Date: Tue, 16 Jul 2024 17:54:03 -0000
Message-ID: <172115244379.49895.17081158995887225674@DioNote.>

Hello gasstations, stocks for VBBR3 are now above the defined target price.
Current price: R$ 22.97
Now is a good time to sell your stocks!
-------------------------------------------------------------------------------
Content-Type: text/plain; charset="utf-8"
MIME-Version: 1.0
Content-Transfer-Encoding: 7bit
Subject: Alert for your stock ENAT3
From: alert@stock_app.com
To: gasstations@gmail.com
Date: Tue, 16 Jul 2024 17:54:04 -0000
Message-ID: <172115244408.49895.13976592588553652361@DioNote.>

Hello gasstations, stocks for ENAT3 are now above the defined target price.
Current price: R$ 22.19
Now is a good time to sell your stocks!
-------------------------------------------------------------------------------
Content-Type: text/plain; charset="utf-8"
MIME-Version: 1.0
Content-Transfer-Encoding: 7bit
Subject: Alert for your stock BBAS3
From: alert@stock_app.com
To: brazilianbanks@gmail.com
Date: Tue, 16 Jul 2024 17:54:04 -0000
Message-ID: <172115244471.49895.9705258192428619266@DioNote.>

Hello brazilianbanks, stocks for BBAS3 are now above the defined target price.
Current price: R$ 26.97
Now is a good time to sell your stocks!
-------------------------------------------------------------------------------
Content-Type: text/plain; charset="utf-8"
MIME-Version: 1.0
Content-Transfer-Encoding: 7bit
Subject: Alert for your stock ITUB4
From: alert@stock_app.com
To: brazilianbanks@gmail.com
Date: Tue, 16 Jul 2024 17:57:02 -0000
Message-ID: <172115262275.50883.11495310884052473430@DioNote.>

Hello brazilianbanks, stocks for ITUB4 are now above the defined target price.
Current price: R$ 33.73
Now is a good time to sell your stocks!
-------------------------------------------------------------------------------
Content-Type: text/plain; charset="utf-8"
MIME-Version: 1.0
Content-Transfer-Encoding: 7bit
Subject: Alert for your stock BPAN4
From: alert@stock_app.com
To: brazilianbanks@gmail.com
Date: Tue, 16 Jul 2024 17:57:03 -0000
Message-ID: <172115262304.50883.15070661611813556234@DioNote.>

Hello brazilianbanks, stocks for BPAN4 are now under the defined target price.
Current price: R$ 8.56
Now is a good time to buy your stocks!
-------------------------------------------------------------------------------
Content-Type: text/plain; charset="utf-8"
MIME-Version: 1.0
Content-Transfer-Encoding: 7bit
Subject: Alert for your stock BPAC11
From: alert@stock_app.com
To: brazilianbanks@gmail.com
Date: Tue, 16 Jul 2024 17:57:03 -0000
Message-ID: <172115262339.50883.17772391183979745611@DioNote.>

Hello brazilianbanks, stocks for BPAC11 are now under the defined target price.
Current price: R$ 32
Now is a good time to buy your stocks!
-------------------------------------------------------------------------------
Content-Type: text/plain; charset="utf-8"
MIME-Version: 1.0
Content-Transfer-Encoding: 7bit
Subject: Alert for your stock AAPL34
From: alert@stock_app.com
To: bigtechs@gmail.com
Date: Tue, 16 Jul 2024 17:58:02 -0000
Message-ID: <172115268262.51211.7850034014961978522@DioNote.>

Hello bigtechs, stocks for AAPL34 are now under the defined target price.
Current price: R$ 63.54
Now is a good time to buy your stocks!
-------------------------------------------------------------------------------
Content-Type: text/plain; charset="utf-8"
MIME-Version: 1.0
Content-Transfer-Encoding: 7bit
Subject: Alert for your stock U1BE34
From: alert@stock_app.com
To: bigtechs@gmail.com
Date: Tue, 16 Jul 2024 17:58:02 -0000
Message-ID: <172115268291.51211.8149380125405721099@DioNote.>

Hello bigtechs, stocks for U1BE34 are now above the defined target price.
Current price: R$ 101.89
Now is a good time to sell your stocks!
-------------------------------------------------------------------------------
Content-Type: text/plain; charset="utf-8"
MIME-Version: 1.0
Content-Transfer-Encoding: 7bit
Subject: Alert for your stock M1TA34
From: alert@stock_app.com
To: bigtechs@gmail.com
Date: Tue, 16 Jul 2024 17:58:03 -0000
Message-ID: <172115268320.51211.3219923016725450070@DioNote.>

Hello bigtechs, stocks for M1TA34 are now under the defined target price.
Current price: R$ 94.6
Now is a good time to buy your stocks!
-------------------------------------------------------------------------------
Content-Type: text/plain; charset="utf-8"
MIME-Version: 1.0
Content-Transfer-Encoding: 7bit
Subject: Alert for your stock GOGL34
From: alert@stock_app.com
To: bigtechs@gmail.com
Date: Tue, 16 Jul 2024 17:58:03 -0000
Message-ID: <172115268356.51211.14374172457935776508@DioNote.>

Hello bigtechs, stocks for GOGL34 are now above the defined target price.
Current price: R$ 83.22
Now is a good time to sell your stocks!
-------------------------------------------------------------------------------
Content-Type: text/plain; charset="utf-8"
MIME-Version: 1.0
Content-Transfer-Encoding: 7bit
Subject: Alert for your stock AMZO34
From: alert@stock_app.com
To: bigtechs@gmail.com
Date: Tue, 16 Jul 2024 17:59:02 -0000
Message-ID: <172115274263.51544.9308813504990782659@DioNote.>

Hello bigtechs, stocks for AMZO34 are now under the defined target price.
Current price: R$ 52.49
Now is a good time to buy your stocks!
-------------------------------------------------------------------------------
Content-Type: text/plain; charset="utf-8"
MIME-Version: 1.0
Content-Transfer-Encoding: 7bit
Subject: Alert for your stock PETR4
From: alert@stock_app.com
To: gasstations@gmail.com
Date: Tue, 16 Jul 2024 18:00:02 -0000
Message-ID: <172115280281.51873.5244697222325018610@DioNote.>

Hello gasstations, stocks for PETR4 are now under the defined target price.
Current price: R$ 38.34
Now is a good time to buy your stocks!
-------------------------------------------------------------------------------
Content-Type: text/plain; charset="utf-8"
MIME-Version: 1.0
Content-Transfer-Encoding: 7bit
Subject: Alert for your stock PRIO3
From: alert@stock_app.com
To: gasstations@gmail.com
Date: Tue, 16 Jul 2024 18:00:03 -0000
Message-ID: <172115280342.51873.7979397352124895518@DioNote.>

Hello gasstations, stocks for PRIO3 are now under the defined target price.
Current price: R$ 45.81
Now is a good time to buy your stocks!
-------------------------------------------------------------------------------
Content-Type: text/plain; charset="utf-8"
MIME-Version: 1.0
Content-Transfer-Encoding: 7bit
Subject: Alert for your stock VBBR3
From: alert@stock_app.com
To: gasstations@gmail.com
Date: Tue, 16 Jul 2024 18:00:03 -0000
Message-ID: <172115280378.51873.7591535492322406697@DioNote.>

Hello gasstations, stocks for VBBR3 are now above the defined target price.
Current price: R$ 22.97
Now is a good time to sell your stocks!
-------------------------------------------------------------------------------
Content-Type: text/plain; charset="utf-8"
MIME-Version: 1.0
Content-Transfer-Encoding: 7bit
Subject: Alert for your stock ENAT3
From: alert@stock_app.com
To: gasstations@gmail.com
Date: Tue, 16 Jul 2024 18:00:04 -0000
Message-ID: <172115280417.51873.9393206212791437154@DioNote.>

Hello gasstations, stocks for ENAT3 are now above the defined target price.
Current price: R$ 22.19
Now is a good time to sell your stocks!
-------------------------------------------------------------------------------
Content-Type: text/plain; charset="utf-8"
MIME-Version: 1.0
Content-Transfer-Encoding: 7bit
Subject: Alert for your stock BBAS3
From: alert@stock_app.com
To: brazilianbanks@gmail.com
Date: Tue, 16 Jul 2024 18:00:05 -0000
Message-ID: <172115280561.51873.11502516327536568243@DioNote.>

Hello brazilianbanks, stocks for BBAS3 are now above the defined target price.
Current price: R$ 26.97
Now is a good time to sell your stocks!
-------------------------------------------------------------------------------
Failed to complete cronjob at ('* * * * *', 'stock_app.cron.update', '>> ~/Inoa-Challenge/stock_app/django_cron.log 2>&1')
Traceback (most recent call last):
  File "/usr/local/lib/python3.10/dist-packages/django_crontab/crontab.py", line 145, in run_job
    func(*job_args, **job_kwargs)
  File "/home/dio/Inoa-Challenge/stock_app/cron.py", line 17, in update
    stock.updateMarketPrice()
  File "/home/dio/Inoa-Challenge/stock_app/models.py", line 24, in updateMarketPrice
    self.cur_price = stockPrice(self.stock_code)[0]
IndexError: list index out of range
